GALGOS - Informe 001
------------------
Tipo de modelo: clasificacion
Objetivo: dado un galgo en una carrera, quiero clasificarle en 2 grupos: 1o2 o 3a6
Entrada: features de la carrera, features del galgo analizado, features de una galgo agregado (galgos competidores agrupados) y target para train/test.
Categorias (classes): 1o2 (valor 1) y 3a6 (valor 0)
------------------
INICIO
Conectando a Base de datos para descargar DATOS...
Numero de filas leidas: 619
Shape de la matriz X =619x16
Missing values: cambiamos los NULL por otro valor...
Shape de la matriz X_conpadding =619x16
Datasets: train y test...
Conectando a Base de datos para descargar TARGETs...
Numero de filas leidas: 619
Entrada (TEST) ...
Modelos de CLASIFICACION...
X_train: (495, 16)
y_train: (495, 1)
y_train (reshaped): (495,)

 ------ Algoritmo K-Nearest Neighbors ------ 
Score: 54.838710
Precisión: 0.548387096774
Exactitud: 0.462962962963
Exhaustividad: 0.480769230769
AUC (area bajo curva ROC) = 0.54


 ------ Algoritmo REGRESION LOGISTICA ------ 
LogisticRegression coeficientes (pesos) de cada feature:  [[ 0.3194507   0.01329597 -0.0459603  -0.43319184 -0.19944227  0.81047654
   0.08492132  0.         -0.01264393  0.08898106 -0.00752584  0.10615633
  -0.14991288 -0.18958218 -0.15019455 -0.1361549 ]]
LogisticRegression score: 50.806452
Precisión: 0.508064516129
Exactitud: 0.371428571429
Exhaustividad: 0.25
AUC (area bajo curva ROC) = 0.47


 -------- Guardando modelo GANADOR...  --------
Gana modelo K-Nearest Neighbors con score=54.838710
FIN
