2INVE
A3M
ABE
ABG
ACS
ACX
ADV
ADZ
AGIL
AHF
AHJ
AIR
AISA
ALB
ALC
ALM
ALNT
ALZ
AMC
AMP
AMS
ANA
APAM
APPS
ASI
ATRY
ATTO
AXIA
AYC
AZK
BAIN
BAY
BBVA
BBVAB
BBVAD
BBVAE
BBVAI
BBVAL
BCN
BDK
BDL
BIL
BIO
BKIA
BKT
BME
BNK
BNT
BRAS
BSX
CABK
CAF
CAM
CASH
CBAV
CCE
CDR
CEC
CEV
CFG
CGI
CIE
CLE
CLEO
CLNX
CLR
CMC
CMM
CMO
COL
COM
CPL
CRB
CRN
CRP
CSH
CUN
DAM
DES
DGI
DIA
DJE
DOM
DXD3E
DXDAX
DXEL2
DXESC
DXESX
DXIBD
DXIBX
DXLDX
DXLPE
DXMAS
DXMBR
DXMEM
DXMEX
DXMJP
DXMLA
DXMRC
DXMWO
DXS7R
DXS7S
DXSD2
DXSDX
DXSL2
DXSPS
DXSPX
DXSSX
DXSX6
DXT21
DXX25
EBI
EBRO
ECG
ECO
ECR
EDR
EEP
EGPW
EKT
ELE
ELZ
ENC
ENER
ENG
ENO
ES10
EWT
EZE
FAE
FCC
FDR
FER
FIA
FIV
FRS
FUN
GALQ
GAS
GCO
GEST
GIGA
GOW
GRE
GRF
GRI
GSJ
GWT
HIS
HLT
HMR
HOME
HVL
IAG
IBE
IBEXA
IBEXI
IBG
IBXM
IDO
IDR
IFB
ILV
IMG
INC
INR
INVEX
INY
ISUR
ITX
JAZ
JPN
LBK
LEM
LEV
LGT
LIB
LIW
LLN
LMR
LOG
LRE
LTM
LYXIB
MAA
MAP
MAS
MCM
MDF
MED
MEL
MEU
MMS
MON
MONI
MRL
MSE
MTB
MTF
MTS
MUA
MYD
NAT
NBI
NEA
NEOL
NEU
NHH
NPG
NTH
NYE
OHL
OIL
OLE
ONL
ORY
PAC
PANG
PHM
POP
PQR
PRM
PRS
PSG
PVA
PYM
QBT
R4
RDM
REA
REE
REN
REP
REY
RIO
RJF
RLIA
RON
ROVI
RUSS
S1898
S2962
SAB
SAN
SAY
SCYR
SEC
SED
SEL
SGRE
SL001
SLR
SNC
SP5
SPS
STG
TEC
TEF
TEL
THK
TL5
TLGO
TLX
TPZ
TQT
TRE
TRG
TRH
TST
TUB
TVX
UBS
UEI
UIN
UNC
UNI
UST
UTI
VALU
VER
VID
VIS
VOC
VOU
VOZ
WAT
WLD
XAMXL
XBBDC
XBFR
XBRK
XBRPO
XBRPP
XBRSB
XCMIG
XCOP
XEKT
XELTB
XELTO
XENI
XEOC
XGEO
XGGB
XGMD
XGSUR
XNET
XNOR
XPBR
XSARE
XSUZB
XTZA
XUSIO
XVALO
XVALP
XVOLB
YABA
YALB
YAPS
YARE
YAST
YBAY
YCOR
YDOA
YENT
YEUR
YFID
YGGC
YGMP
YGRE
YHAB
YHLY
YINM
YISC
YKIB
YMEI
YNUM
YORE
YORS
YOSO
YOVA
YPMR
YPR2
YPR3
YQUO
YSCI
YTAR
YTRA
YURO
YVBA
YVIT
YZBL
YZPS
ZEL
ZNK
ZOT
